00000000 00000005 data 5
00000001 00000040 data 64
00000002 00000022 data 34
00000003 00000019 data 25
00000004 0000000c data 12
00000005 00000016 data 22
00000006 00000000 start: ldc 0
00000007 00000004 ldnl 0
00000008 00000003 stl 0
00000009 00000002 outer: ldl 0
0000000a 00000100 ldc 1
0000000b 00000007 sub
0000000c 00000103 stl 1
0000000d 0000270f brz done
0000000e 00000000 ldc 0
0000000f 00000203 stl 2
00000010 00000202 inner: ldl 2
00000011 00000102 ldl 1
00000012 00000007 sub
00000013 00000510 brlz loop
00000014 00000002 ldl 0
00000015 00000100 ldc 1
00000016 00000007 sub
00000017 00000003 stl 0
00000018 fffff011 br outer
00000019 00000100 loop: ldc 1
0000001a 00000202 ldl 2
0000001b 00000006 add
0000001c 00000303 stl 3
0000001d 00000004 ldnl 0
0000001e 00000403 stl 4
0000001f 00000302 ldl 3
00000020 00000100 ldc 1
00000021 00000006 add
00000022 00000004 ldnl 0
00000023 00000503 stl 5
00000024 00000402 ldl 4
00000025 00000502 ldl 5
00000026 00000007 sub
00000027 00000810 brlz skip
00000028 00000302 ldl 3
00000029 00000502 ldl 5
0000002a 00000005 stnl 0
0000002b 00000302 ldl 3
0000002c 00000100 ldc 1
0000002d 00000006 add
0000002e 00000402 ldl 4
0000002f 00000005 stnl 0
00000030 00000202 skip: ldl 2
00000031 00000100 ldc 1
00000032 00000006 add
00000033 00000203 stl 2
00000034 ffffdb11 br inner
00000035 00000012 done: HALT
